2025-06-14 04:19:58,937 - merx_cli - INFO - Initializing merX Memory System for development
2025-06-14 04:19:58,937 - merx_cli - INFO - Data path: data/memory.mex
2025-06-14 04:19:58,937 - merx_cli - INFO - RAM capacity: 100,000 nodes
2025-06-14 04:19:58,937 - merx_cli - ERROR - Failed to initialize memory engine: EnhancedMemoryEngineFactory.create_engine() got an unexpected keyword argument 'enable_compression'
2025-06-14 04:22:39,367 - merx_cli - INFO - Initializing merX Memory System for development
2025-06-14 04:22:39,367 - merx_cli - INFO - Data path: data/memory.mex
2025-06-14 04:22:39,367 - merx_cli - INFO - RAM capacity: 100,000 nodes
2025-06-14 04:22:39,372 - merx_cli - INFO - Memory engine initialized successfully
2025-06-14 04:23:02,497 - merx_cli - INFO - Received signal 2, shutting down gracefully...
2025-06-14 04:23:02,497 - merx_cli - INFO - Shutting down memory system...
2025-06-14 04:23:04,409 - merx_cli - INFO - Received signal 2, shutting down gracefully...
2025-06-14 04:23:04,409 - merx_cli - INFO - Shutting down memory system...
2025-06-14 04:23:09,414 - merx_cli - INFO - Received signal 2, shutting down gracefully...
2025-06-14 04:23:09,414 - merx_cli - INFO - Shutting down memory system...
2025-06-14 04:23:14,423 - merx_cli - INFO - Received signal 2, shutting down gracefully...
2025-06-14 04:23:14,423 - merx_cli - INFO - Shutting down memory system...
2025-06-14 04:23:21,427 - merx_cli - INFO - Shutdown complete. Runtime: 42.1s, Operations: 0, Errors: 0
2025-06-14 04:23:59,166 - merx_cli - INFO - Initializing merX Memory System for testing
2025-06-14 04:23:59,166 - merx_cli - INFO - Data path: data/test_output/hp_mini.mex
2025-06-14 04:23:59,167 - merx_cli - INFO - RAM capacity: 10,000 nodes
2025-06-14 04:23:59,171 - merx_cli - INFO - Memory engine initialized successfully
2025-06-14 04:25:30,919 - merx_cli - INFO - Memory inserted: 72a1226c-f966-46b5-b7a5-3c96fecc3230 (2.00ms)
2025-06-14 04:27:22,172 - merx_cli - INFO - Memory inserted: ebc343ae-cb6c-412a-aa22-13c179cc532d (2.00ms)
2025-06-14 04:31:22,161 - merx_cli - INFO - Search completed: 0 results (0.00ms)
2025-06-14 04:31:25,343 - merx_cli - INFO - Search completed: 1 results (2.00ms)
2025-06-14 04:31:37,969 - merx_cli - INFO - Search completed: 1 results (0.00ms)
2025-06-14 04:31:44,803 - merx_cli - INFO - Search completed: 1 results (1.00ms)
2025-06-14 04:31:57,739 - merx_cli - INFO - Search completed: 1 results (0.00ms)
2025-06-14 04:32:04,301 - merx_cli - INFO - Search completed: 0 results (0.00ms)
2025-06-14 04:32:08,241 - merx_cli - INFO - Search completed: 1 results (0.00ms)
2025-06-14 04:32:14,974 - merx_cli - INFO - Search completed: 0 results (0.00ms)
2025-06-14 04:32:18,063 - merx_cli - INFO - Search completed: 0 results (1.00ms)
2025-06-14 04:32:21,489 - merx_cli - INFO - Search completed: 1 results (0.00ms)
2025-06-14 04:32:40,048 - merx_cli - INFO - Search completed: 0 results (0.00ms)
2025-06-14 04:32:43,445 - merx_cli - INFO - Search completed: 1 results (1.00ms)
2025-06-14 14:34:10,876 - merx_cli - INFO - Initializing merX Memory System for development
2025-06-14 14:34:10,877 - merx_cli - INFO - Data path: data/dev/hp_mini.mex
2025-06-14 14:34:10,877 - merx_cli - INFO - RAM capacity: 100,000 nodes
2025-06-14 14:34:10,882 - merx_cli - INFO - Memory engine initialized successfully
2025-06-14 14:34:10,883 - merx_cli - INFO - Running health check...
2025-06-14 14:34:10,884 - merx_cli - INFO - Memory inserted: 3340b426-cb6d-462b-a286-591114840fef (1.00ms)
2025-06-14 14:34:10,885 - merx_cli - INFO - Retrieved memory: 3340b426-cb6d-462b-a286-591114840fef
2025-06-14 14:34:10,887 - merx_cli - INFO - Search completed: 1 results (1.00ms)
2025-06-14 14:34:10,888 - merx_cli - INFO - Statistics requested
2025-06-14 14:34:10,889 - merx_cli - ERROR - Failed to get statistics: Cannot specify ',' with 's'.
2025-06-14 14:34:10,889 - merx_cli - INFO - Shutting down memory system...
2025-06-14 14:34:17,900 - merx_cli - INFO - Shutdown complete. Runtime: 7.0s, Operations: 2, Errors: 1
2025-06-14 14:35:18,822 - merx_cli - INFO - Initializing merX Memory System for testing
2025-06-14 14:35:18,822 - merx_cli - INFO - Data path: data/test_output/hp_mini.mex
2025-06-14 14:35:18,823 - merx_cli - INFO - RAM capacity: 10,000 nodes
2025-06-14 14:35:18,827 - merx_cli - INFO - Memory engine initialized successfully
2025-06-14 14:35:18,828 - merx_cli - INFO - Running health check...
2025-06-14 14:35:18,829 - merx_cli - INFO - Memory inserted: 7a5248b7-4795-45df-be6d-360785016081 (1.00ms)
2025-06-14 14:35:18,830 - merx_cli - INFO - Retrieved memory: 7a5248b7-4795-45df-be6d-360785016081
2025-06-14 14:35:18,831 - merx_cli - INFO - Search completed: 1 results (1.00ms)
2025-06-14 14:35:18,832 - merx_cli - INFO - Statistics requested
2025-06-14 14:35:18,832 - merx_cli - ERROR - Failed to get statistics: Cannot specify ',' with 's'.
2025-06-14 14:35:18,832 - merx_cli - INFO - Shutting down memory system...
2025-06-14 14:35:21,850 - merx_cli - INFO - Shutdown complete. Runtime: 3.0s, Operations: 2, Errors: 1
2025-06-14 14:42:03,239 - merx_cli - INFO - Initializing merX Memory System for testing
2025-06-14 14:42:03,240 - merx_cli - INFO - Data path: data/test_output/hp_mini.mex
2025-06-14 14:42:03,240 - merx_cli - INFO - RAM capacity: 10,000 nodes
2025-06-14 14:43:19,379 - merx_cli - INFO - Received signal 2, shutting down gracefully...
2025-06-14 14:43:24,946 - merx_cli - INFO - Initializing merX Memory System for testing
2025-06-14 14:43:24,946 - merx_cli - INFO - Data path: data/test_output/hp_mini.mex
2025-06-14 14:43:24,946 - merx_cli - INFO - RAM capacity: 10,000 nodes
2025-06-14 14:45:37,435 - merx_cli - INFO - Received signal 2, shutting down gracefully...
2025-06-14 14:46:32,827 - merx_cli - INFO - Initializing merX Memory System for testing
2025-06-14 14:46:32,827 - merx_cli - INFO - Data path: data/test_output/hp_mini.mex
2025-06-14 14:46:32,827 - merx_cli - INFO - RAM capacity: 500,000 nodes
2025-06-14 14:46:34,957 - merx_cli - INFO - Memory engine initialized successfully
2025-06-14 14:46:36,327 - merx_cli - INFO - Search completed: 10 results (1369.94ms)
2025-06-14 14:46:36,330 - merx_cli - INFO - Shutting down memory system...
2025-06-14 14:46:38,891 - merx_cli - INFO - Shutdown complete. Runtime: 6.1s, Operations: 1, Errors: 0
2025-06-14 14:47:23,036 - merx_cli - INFO - Initializing merX Memory System for testing
2025-06-14 14:47:23,036 - merx_cli - INFO - Data path: data/test_output/hp_mini.mex
2025-06-14 14:47:23,036 - merx_cli - INFO - RAM capacity: 500,000 nodes
2025-06-14 14:47:25,156 - merx_cli - INFO - Memory engine initialized successfully
2025-06-14 14:47:35,460 - merx_cli - INFO - Search completed: 1 results (10304.02ms)
2025-06-14 14:47:35,461 - merx_cli - INFO - Shutting down memory system...
2025-06-14 14:47:38,366 - merx_cli - INFO - Shutdown complete. Runtime: 15.3s, Operations: 1, Errors: 0
